This is pdfTeX, Version 3.14159265-2.6-1.40.20 (MiKTeX 2.9.7000 64-bit) (preloaded format=pdflatex 2019.4.8)  18 DEC 2019 20:53
entering extended mode
**"./RECESSION PAPER.tex"
("RECESSION PAPER.tex"
LaTeX2e <2018-12-01>
("C:\Program Files\MiKTeX 2.9\tex/latex/base\article.cls"
Document Class: article 2018/09/03 v1.4i Standard LaTeX document class
("C:\Program Files\MiKTeX 2.9\tex/latex/base\size12.clo"
File: size12.clo 2018/09/03 v1.4i Standard LaTeX file (size option)
)
\c@part=\count80
\c@section=\count81
\c@subsection=\count82
\c@subsubsection=\count83
\c@paragraph=\count84
\c@subparagraph=\count85
\c@figure=\count86
\c@table=\count87
\abovecaptionskip=\skip41
\belowcaptionskip=\skip42
\bibindent=\dimen102
)
("C:\Program Files\MiKTeX 2.9\tex/latex/geometry\geometry.sty"
Package: geometry 2018/04/16 v5.8 Page Geometry

("C:\Program Files\MiKTeX 2.9\tex/latex/graphics\keyval.sty"
Package: keyval 2014/10/28 v1.15 key=value parser (DPC)
\KV@toks@=\toks14
)
("C:\Program Files\MiKTeX 2.9\tex/generic/oberdiek\ifpdf.sty"
Package: ifpdf 2018/09/07 v3.3 Provides the ifpdf switch
)
("C:\Program Files\MiKTeX 2.9\tex/generic/oberdiek\ifvtex.sty"
Package: ifvtex 2016/05/16 v1.6 Detect VTeX and its facilities (HO)
Package ifvtex Info: VTeX not detected.
)
("C:\Program Files\MiKTeX 2.9\tex/generic/ifxetex\ifxetex.sty"
Package: ifxetex 2010/09/12 v0.6 Provides ifxetex conditional
)
\Gm@cnth=\count88
\Gm@cntv=\count89
\c@Gm@tempcnt=\count90
\Gm@bindingoffset=\dimen103
\Gm@wd@mp=\dimen104
\Gm@odd@mp=\dimen105
\Gm@even@mp=\dimen106
\Gm@layoutwidth=\dimen107
\Gm@layoutheight=\dimen108
\Gm@layouthoffset=\dimen109
\Gm@layoutvoffset=\dimen110
\Gm@dimlist=\toks15

("C:\Program Files\MiKTeX 2.9\tex/latex/geometry\geometry.cfg"))
("C:\Program Files\MiKTeX 2.9\tex/latex/amsfonts\amssymb.sty"
Package: amssymb 2013/01/14 v3.01 AMS font symbols

("C:\Program Files\MiKTeX 2.9\tex/latex/amsfonts\amsfonts.sty"
Package: amsfonts 2013/01/14 v3.01 Basic AMSFonts support
\@emptytoks=\toks16
\symAMSa=\mathgroup4
\symAMSb=\mathgroup5
LaTeX Font Info:    Overwriting math alphabet `\mathfrak' in version `bold'
(Font)                  U/euf/m/n --> U/euf/b/n on input line 106.
))
("C:\Program Files\MiKTeX 2.9\tex/latex/amsmath\amsmath.sty"
Package: amsmath 2018/12/01 v2.17b AMS math features
\@mathmargin=\skip43

For additional information on amsmath, use the `?' option.
("C:\Program Files\MiKTeX 2.9\tex/latex/amsmath\amstext.sty"
Package: amstext 2000/06/29 v2.01 AMS text

("C:\Program Files\MiKTeX 2.9\tex/latex/amsmath\amsgen.sty"
File: amsgen.sty 1999/11/30 v2.0 generic functions
\@emptytoks=\toks17
\ex@=\dimen111
))
("C:\Program Files\MiKTeX 2.9\tex/latex/amsmath\amsbsy.sty"
Package: amsbsy 1999/11/29 v1.2d Bold Symbols
\pmbraise@=\dimen112
)
("C:\Program Files\MiKTeX 2.9\tex/latex/amsmath\amsopn.sty"
Package: amsopn 2016/03/08 v2.02 operator names
)
\inf@bad=\count91
LaTeX Info: Redefining \frac on input line 223.
\uproot@=\count92
\leftroot@=\count93
LaTeX Info: Redefining \overline on input line 385.
\classnum@=\count94
\DOTSCASE@=\count95
LaTeX Info: Redefining \ldots on input line 482.
LaTeX Info: Redefining \dots on input line 485.
LaTeX Info: Redefining \cdots on input line 606.
\Mathstrutbox@=\box27
\strutbox@=\box28
\big@size=\dimen113
LaTeX Font Info:    Redeclaring font encoding OML on input line 729.
LaTeX Font Info:    Redeclaring font encoding OMS on input line 730.
\macc@depth=\count96
\c@MaxMatrixCols=\count97
\dotsspace@=\muskip10
\c@parentequation=\count98
\dspbrk@lvl=\count99
\tag@help=\toks18
\row@=\count100
\column@=\count101
\maxfields@=\count102
\andhelp@=\toks19
\eqnshift@=\dimen114
\alignsep@=\dimen115
\tagshift@=\dimen116
\tagwidth@=\dimen117
\totwidth@=\dimen118
\lineht@=\dimen119
\@envbody=\toks20
\multlinegap=\skip44
\multlinetaggap=\skip45
\mathdisplay@stack=\toks21
LaTeX Info: Redefining \[ on input line 2844.
LaTeX Info: Redefining \] on input line 2845.
)
("C:\Program Files\MiKTeX 2.9\tex/latex/graphics\graphicx.sty"
Package: graphicx 2017/06/01 v1.1a Enhanced LaTeX Graphics (DPC,SPQR)

("C:\Program Files\MiKTeX 2.9\tex/latex/graphics\graphics.sty"
Package: graphics 2017/06/25 v1.2c Standard LaTeX Graphics (DPC,SPQR)

("C:\Program Files\MiKTeX 2.9\tex/latex/graphics\trig.sty"
Package: trig 2016/01/03 v1.10 sin cos tan (DPC)
)
("C:\Program Files\MiKTeX 2.9\tex/latex/graphics-cfg\graphics.cfg"
File: graphics.cfg 2016/06/04 v1.11 sample graphics configuration
)
Package graphics Info: Driver file: pdftex.def on input line 99.

("C:\Program Files\MiKTeX 2.9\tex/latex/graphics-def\pdftex.def"
File: pdftex.def 2018/01/08 v1.0l Graphics/color driver for pdftex
))
\Gin@req@height=\dimen120
\Gin@req@width=\dimen121
)
("C:\Program Files\MiKTeX 2.9\tex/latex/wasysym\wasysym.sty"
Package: wasysym 2003/10/30 v2.0 Wasy-2 symbol support package
\symwasy=\mathgroup6
LaTeX Font Info:    Overwriting symbol font `wasy' in version `bold'
(Font)                  U/wasy/m/n --> U/wasy/b/n on input line 90.
)
("C:\Program Files\MiKTeX 2.9\tex/latex/url\url.sty"
\Urlmuskip=\muskip11
Package: url 2013/09/16  ver 3.4  Verb mode for urls, etc.
)
("C:\Program Files\MiKTeX 2.9\tex/latex/setspace\setspace.sty"
Package: setspace 2011/12/19 v6.7a set line spacing
)
("C:\Program Files\MiKTeX 2.9\tex/latex/moresize\moresize.sty"
Package: moresize 1999/07/26 v1.9 (more font sizes)
)
("C:\Program Files\MiKTeX 2.9\tex/latex/float\float.sty"
Package: float 2001/11/08 v1.3d Float enhancements (AL)
\c@float@type=\count103
\float@exts=\toks22
\float@box=\box29
\@float@everytoks=\toks23
\@floatcapt=\box30
)
("C:\Program Files\MiKTeX 2.9\tex/latex/graphics\lscape.sty"
Package: lscape 2000/10/22 v3.01 Landscape Pages (DPC)
)
("C:\Program Files\MiKTeX 2.9\tex/latex/tools\afterpage.sty"
Package: afterpage 2014/10/28 v1.08 After-Page Package (DPC)
\AP@output=\toks24
\AP@partial=\box31
\AP@footins=\box32
)
("C:\Program Files\MiKTeX 2.9\tex/latex/tools\indentfirst.sty"
Package: indentfirst 1995/11/23 v1.03 Indent first paragraph (DPC)
)
("C:\Program Files\MiKTeX 2.9\tex/latex/listings\listings.sty"
\lst@mode=\count104
\lst@gtempboxa=\box33
\lst@token=\toks25
\lst@length=\count105
\lst@currlwidth=\dimen122
\lst@column=\count106
\lst@pos=\count107
\lst@lostspace=\dimen123
\lst@width=\dimen124
\lst@newlines=\count108
\lst@lineno=\count109
\lst@maxwidth=\dimen125

("C:\Program Files\MiKTeX 2.9\tex/latex/listings\lstmisc.sty"
File: lstmisc.sty 2019/09/10 1.8c (Carsten Heinz)
\c@lstnumber=\count110
\lst@skipnumbers=\count111
\lst@framebox=\box34
)
("C:\Program Files\MiKTeX 2.9\tex/latex/listings\listings.cfg"
File: listings.cfg 2019/09/10 1.8c listings configuration
))
Package: listings 2019/09/10 1.8c (Carsten Heinz)

("C:\Program Files\MiKTeX 2.9\tex/latex/graphics\color.sty"
Package: color 2016/07/10 v1.1e Standard LaTeX Color (DPC)

("C:\Program Files\MiKTeX 2.9\tex/latex/graphics-cfg\color.cfg"
File: color.cfg 2016/01/02 v1.6 sample color configuration
)
Package color Info: Driver file: pdftex.def on input line 147.
)
("C:\Program Files\MiKTeX 2.9\tex/latex/listings\lstlang1.sty"
File: lstlang1.sty 2019/09/10 1.8c listings language file
)
("C:\Program Files\MiKTeX 2.9\tex/latex/listings\lstlang2.sty"
File: lstlang2.sty 2019/09/10 1.8c listings language file
)
("C:\Program Files\MiKTeX 2.9\tex/latex/listings\lstlang3.sty"
File: lstlang3.sty 2019/09/10 1.8c listings language file
)
("RECESSION PAPER.aux"

LaTeX Warning: Label `list:ex' multiply defined.


LaTeX Warning: Label `list:ex' multiply defined.


LaTeX Warning: Label `list:ex' multiply defined.


LaTeX Warning: Label `list:ex' multiply defined.


LaTeX Warning: Label `list:ex' multiply defined.


LaTeX Warning: Label `list:ex' multiply defined.


LaTeX Warning: Label `list:ex' multiply defined.


LaTeX Warning: Label `list:ex' multiply defined.


LaTeX Warning: Label `list:ex' multiply defined.

)
\openout1 = `"RECESSION PAPER.aux"'.

LaTeX Font Info:    Checking defaults for OML/cmm/m/it on input line 31.
LaTeX Font Info:    ... okay on input line 31.
LaTeX Font Info:    Checking defaults for T1/cmr/m/n on input line 31.
LaTeX Font Info:    ... okay on input line 31.
LaTeX Font Info:    Checking defaults for OT1/cmr/m/n on input line 31.
LaTeX Font Info:    ... okay on input line 31.
LaTeX Font Info:    Checking defaults for OMS/cmsy/m/n on input line 31.
LaTeX Font Info:    ... okay on input line 31.
LaTeX Font Info:    Checking defaults for OMX/cmex/m/n on input line 31.
LaTeX Font Info:    ... okay on input line 31.
LaTeX Font Info:    Checking defaults for U/cmr/m/n on input line 31.
LaTeX Font Info:    ... okay on input line 31.

*geometry* driver: auto-detecting
*geometry* detected driver: pdftex
*geometry* verbose mode - [ preamble ] result:
* driver: pdftex
* paper: letterpaper
* layout: <same size as paper>
* layoutoffset:(h,v)=(0.0pt,0.0pt)
* modes: 
* h-part:(L,W,R)=(72.27pt, 469.75499pt, 72.27pt)
* v-part:(T,H,B)=(43.362pt, 686.56499pt, 65.043pt)
* \paperwidth=614.295pt
* \paperheight=794.96999pt
* \textwidth=469.75499pt
* \textheight=686.56499pt
* \oddsidemargin=0.00002pt
* \evensidemargin=0.00002pt
* \topmargin=-65.90799pt
* \headheight=12.0pt
* \headsep=25.0pt
* \topskip=12.0pt
* \footskip=30.0pt
* \marginparwidth=44.0pt
* \marginparsep=10.0pt
* \columnsep=10.0pt
* \skip\footins=10.8pt plus 4.0pt minus 2.0pt
* \hoffset=0.0pt
* \voffset=0.0pt
* \mag=1000
* \@twocolumnfalse
* \@twosidefalse
* \@mparswitchfalse
* \@reversemarginfalse
* (1in=72.27pt=25.4mm, 1cm=28.453pt)

("C:\Program Files\MiKTeX 2.9\tex/context/base/mkii\supp-pdf.mkii"
[Loading MPS to PDF converter (version 2006.09.02).]
\scratchcounter=\count112
\scratchdimen=\dimen126
\scratchbox=\box35
\nofMPsegments=\count113
\nofMParguments=\count114
\everyMPshowfont=\toks26
\MPscratchCnt=\count115
\MPscratchDim=\dimen127
\MPnumerator=\count116
\makeMPintoPDFobject=\count117
\everyMPtoPDFconversion=\toks27
) ("C:\Program Files\MiKTeX 2.9\tex/latex/oberdiek\epstopdf-base.sty"
Package: epstopdf-base 2016/05/15 v2.6 Base part for package epstopdf

("C:\Program Files\MiKTeX 2.9\tex/generic/oberdiek\infwarerr.sty"
Package: infwarerr 2016/05/16 v1.4 Providing info/warning/error messages (HO)
)
("C:\Program Files\MiKTeX 2.9\tex/latex/oberdiek\grfext.sty"
Package: grfext 2016/05/16 v1.2 Manage graphics extensions (HO)

("C:\Program Files\MiKTeX 2.9\tex/generic/oberdiek\kvdefinekeys.sty"
Package: kvdefinekeys 2016/05/16 v1.4 Define keys (HO)

("C:\Program Files\MiKTeX 2.9\tex/generic/oberdiek\ltxcmds.sty"
Package: ltxcmds 2016/05/16 v1.23 LaTeX kernel commands for general use (HO)
)))
("C:\Program Files\MiKTeX 2.9\tex/latex/oberdiek\kvoptions.sty"
Package: kvoptions 2016/05/16 v3.12 Key value format for package options (HO)

("C:\Program Files\MiKTeX 2.9\tex/generic/oberdiek\kvsetkeys.sty"
Package: kvsetkeys 2016/05/16 v1.17 Key value parser (HO)

("C:\Program Files\MiKTeX 2.9\tex/generic/oberdiek\etexcmds.sty"
Package: etexcmds 2016/05/16 v1.6 Avoid name clashes with e-TeX commands (HO)

("C:\Program Files\MiKTeX 2.9\tex/generic/oberdiek\ifluatex.sty"
Package: ifluatex 2016/05/16 v1.4 Provides the ifluatex switch (HO)
Package ifluatex Info: LuaTeX not detected.
))))
("C:\Program Files\MiKTeX 2.9\tex/generic/oberdiek\pdftexcmds.sty"
Package: pdftexcmds 2018/09/10 v0.29 Utility functions of pdfTeX for LuaTeX (HO
)
Package pdftexcmds Info: LuaTeX not detected.
Package pdftexcmds Info: \pdf@primitive is available.
Package pdftexcmds Info: \pdf@ifprimitive is available.
Package pdftexcmds Info: \pdfdraftmode found.
)
Package epstopdf-base Info: Redefining graphics rule for `.eps' on input line 4
38.
Package grfext Info: Graphics extension search list:
(grfext)             [.pdf,.png,.jpg,.mps,.jpeg,.jbig2,.jb2,.PDF,.PNG,.JPG,.JPE
G,.JBIG2,.JB2,.eps]
(grfext)             \AppendGraphicsExtensions on input line 456.
)
\c@lstlisting=\count118
LaTeX Font Info:    Try loading font information for U+msa on input line 32.

("C:\Program Files\MiKTeX 2.9\tex/latex/amsfonts\umsa.fd"
File: umsa.fd 2013/01/14 v3.01 AMS symbols A
)
LaTeX Font Info:    Try loading font information for U+msb on input line 32.

("C:\Program Files\MiKTeX 2.9\tex/latex/amsfonts\umsb.fd"
File: umsb.fd 2013/01/14 v3.01 AMS symbols B
)
LaTeX Font Info:    Try loading font information for U+wasy on input line 32.

("C:\Program Files\MiKTeX 2.9\tex/latex/wasysym\uwasy.fd"
File: uwasy.fd 2003/10/30 v2.0 Wasy-2 symbol font definitions
) [1

{C:/Users/ojame/AppData/Local/MiKTeX/2.9/pdftex/config/pdftex.map}] [2] [3] [4]
 [5] [6] [7]
[8] [9]
<images/cdf.png, id=44, 510.40688pt x 402.75468pt>
File: images/cdf.png Graphic file (type png)
<use images/cdf.png>
Package pdftex.def Info: images/cdf.png  used on input line 119.
(pdftex.def)             Requested size: 306.24648pt x 241.65466pt.
<images/spreadty3m.png, id=45, 559.33969pt x 421.575pt>
File: images/spreadty3m.png Graphic file (type png)
<use images/spreadty3m.png>
Package pdftex.def Info: images/spreadty3m.png  used on input line 125.
(pdftex.def)             Requested size: 307.63777pt x 231.86696pt.
 [10 <./images/cdf.png>]
<images/stepthreemonth.png, id=50, 498.36188pt x 380.92313pt>
File: images/stepthreemonth.png Graphic file (type png)
<use images/stepthreemonth.png>
Package pdftex.def Info: images/stepthreemonth.png  used on input line 131.
(pdftex.def)             Requested size: 328.91985pt x 251.41002pt.
<images/stepsixmonth.png, id=51, 498.36188pt x 380.92313pt>
File: images/stepsixmonth.png Graphic file (type png)
<use images/stepsixmonth.png>
Package pdftex.def Info: images/stepsixmonth.png  used on input line 137.
(pdftex.def)             Requested size: 328.91985pt x 251.41002pt.
 [11 <./images/spreadty3m.png> <./images/stepthreemonth.png>]
<images/stepyear.png, id=57, 498.36188pt x 380.92313pt>
File: images/stepyear.png Graphic file (type png)
<use images/stepyear.png>
Package pdftex.def Info: images/stepyear.png  used on input line 143.
(pdftex.def)             Requested size: 328.91985pt x 251.41002pt.
<images/steptwoyear.png, id=58, 498.36188pt x 380.92313pt>
File: images/steptwoyear.png Graphic file (type png)
<use images/steptwoyear.png>
Package pdftex.def Info: images/steptwoyear.png  used on input line 150.
(pdftex.def)             Requested size: 328.91985pt x 251.41002pt.
 [12 <./images/stepsixmonth.png> <./images/stepyear.png>]
<images/modelA3moROC.png, id=64, 322.20375pt x 305.64188pt>
File: images/modelA3moROC.png Graphic file (type png)
<use images/modelA3moROC.png>
Package pdftex.def Info: images/modelA3moROC.png  used on input line 158.
(pdftex.def)             Requested size: 225.54108pt x 213.94785pt.
<images/modelA6moROC.png, id=66, 316.18124pt x 304.13625pt>
File: images/modelA6moROC.png Graphic file (type png)
<use images/modelA6moROC.png>
Package pdftex.def Info: images/modelA6moROC.png  used on input line 158.
(pdftex.def)             Requested size: 221.32535pt x 212.8939pt.
<images/modelA1yrROC.png, id=67, 304.88907pt x 310.15875pt>
File: images/modelA1yrROC.png Graphic file (type png)
<use images/modelA1yrROC.png>
Package pdftex.def Info: images/modelA1yrROC.png  used on input line 161.
(pdftex.def)             Requested size: 213.42088pt x 217.10963pt.
<images/modelA2yrsROC.png, id=68, 322.20375pt x 313.17pt>
File: images/modelA2yrsROC.png Graphic file (type png)
<use images/modelA2yrsROC.png>
Package pdftex.def Info: images/modelA2yrsROC.png  used on input line 161.
(pdftex.def)             Requested size: 225.54108pt x 219.21748pt.

Overfull \hbox (5.32716pt too wide) in paragraph at lines 156--164
 [][] 
 []

[13 <./images/steptwoyear.png>]
<images/modelB3moROC.png, id=74, 315.42844pt x 307.1475pt>
File: images/modelB3moROC.png Graphic file (type png)
<use images/modelB3moROC.png>
Package pdftex.def Info: images/modelB3moROC.png  used on input line 171.
(pdftex.def)             Requested size: 220.79839pt x 215.00177pt.
<images/modelB6moROC.png, id=75, 328.22626pt x 308.65312pt>
File: images/modelB6moROC.png Graphic file (type png)
<use images/modelB6moROC.png>
Package pdftex.def Info: images/modelB6moROC.png  used on input line 171.
(pdftex.def)             Requested size: 229.7568pt x 216.0557pt.
<images/modelB1yrROC.png, id=76, 322.20375pt x 308.65312pt>
File: images/modelB1yrROC.png Graphic file (type png)
<use images/modelB1yrROC.png>
Package pdftex.def Info: images/modelB1yrROC.png  used on input line 174.
(pdftex.def)             Requested size: 225.54108pt x 216.0557pt.
<images/modelB2yrsROC.png, id=77, 317.68687pt x 313.9228pt>
File: images/modelB2yrsROC.png Graphic file (type png)
<use images/modelB2yrsROC.png>
Package pdftex.def Info: images/modelB2yrsROC.png  used on input line 174.
(pdftex.def)             Requested size: 222.37927pt x 219.74446pt.

Overfull \hbox (9.5429pt too wide) in paragraph at lines 169--177
 [][] 
 []

[14 <./images/modelA3moROC.png> <./images/modelA6moROC.png> <./images/modelA1yr
ROC.png> <./images/modelA2yrsROC.png>]
<images/modelC3moROC.png, id=85, 344.03531pt x 308.65312pt>
File: images/modelC3moROC.png Graphic file (type png)
<use images/modelC3moROC.png>
Package pdftex.def Info: images/modelC3moROC.png  used on input line 184.
(pdftex.def)             Requested size: 240.82307pt x 216.0557pt.
<images/modelC6moROC.png, id=86, 320.69812pt x 303.38344pt>
File: images/modelC6moROC.png Graphic file (type png)
<use images/modelC6moROC.png>
Package pdftex.def Info: images/modelC6moROC.png  used on input line 184.
(pdftex.def)             Requested size: 224.48714pt x 212.36694pt.
<images/modelC1yrROC.png, id=87, 316.93407pt x 303.38344pt>
File: images/modelC1yrROC.png Graphic file (type png)
<use images/modelC1yrROC.png>
Package pdftex.def Info: images/modelC1yrROC.png  used on input line 187.
(pdftex.def)             Requested size: 221.85233pt x 212.36694pt.
<images/modelC2yrsROC.png, id=88, 332.74312pt x 310.15875pt>
File: images/modelC2yrsROC.png Graphic file (type png)
<use images/modelC2yrsROC.png>
Package pdftex.def Info: images/modelC2yrsROC.png  used on input line 187.
(pdftex.def)             Requested size: 232.91858pt x 217.10963pt.

Overfull \hbox (27.98666pt too wide) in paragraph at lines 182--190
 [][] 
 []

[15 <./images/modelB3moROC.png> <./images/modelB6moROC.png> <./images/modelB1yr
ROC.png> <./images/modelB2yrsROC.png>]
<images/modelD3moROC.png, id=96, 324.46219pt x 301.8778pt>
File: images/modelD3moROC.png Graphic file (type png)
<use images/modelD3moROC.png>
Package pdftex.def Info: images/modelD3moROC.png  used on input line 197.
(pdftex.def)             Requested size: 227.12196pt x 211.31302pt.
<images/modelD6moROC.png, id=97, 315.42844pt x 307.90031pt>
File: images/modelD6moROC.png Graphic file (type png)
<use images/modelD6moROC.png>
Package pdftex.def Info: images/modelD6moROC.png  used on input line 197.
(pdftex.def)             Requested size: 220.79839pt x 215.52873pt.
<images/modelD1yrROC.png, id=98, 331.2375pt x 304.13625pt>
File: images/modelD1yrROC.png Graphic file (type png)
<use images/modelD1yrROC.png>
Package pdftex.def Info: images/modelD1yrROC.png  used on input line 200.
(pdftex.def)             Requested size: 231.86465pt x 212.8939pt.
<images/modelD2yrsROC.png, id=99, 340.27126pt x 308.65312pt>
File: images/modelD2yrsROC.png Graphic file (type png)
<use images/modelD2yrsROC.png>
Package pdftex.def Info: images/modelD2yrsROC.png  used on input line 200.
(pdftex.def)             Requested size: 238.18825pt x 216.0557pt.

Overfull \hbox (24.29791pt too wide) in paragraph at lines 195--203
 [][] 
 []

[16 <./images/modelC3moROC.png> <./images/modelC6moROC.png> <./images/modelC1yr
ROC.png> <./images/modelC2yrsROC.png>]
<images/steponeyearroc.png, id=107, 552.56438pt x 488.57532pt>
File: images/steponeyearroc.png Graphic file (type png)
<use images/steponeyearroc.png>
Package pdftex.def Info: images/steponeyearroc.png  used on input line 210.
(pdftex.def)             Requested size: 237.59804pt x 210.08328pt.
<images/twoyearsteproc.png, id=108, 552.56438pt x 488.57532pt>
File: images/twoyearsteproc.png Graphic file (type png)
<use images/twoyearsteproc.png>
Package pdftex.def Info: images/twoyearsteproc.png  used on input line 210.
(pdftex.def)             Requested size: 237.59804pt x 210.08328pt.

Overfull \hbox (29.44109pt too wide) in paragraph at lines 208--213
 [][] 
 []

[17 <./images/modelD3moROC.png> <./images/modelD6moROC.png> <./images/modelD1yr
ROC.png> <./images/modelD2yrsROC.png>] [18 <./images/steponeyearroc.png> <./ima
ges/twoyearsteproc.png>] [19] [20] [21] [22]
LaTeX Font Info:    Try loading font information for OML+cmr on input line 337.


("C:\Program Files\MiKTeX 2.9\tex/latex/base\omlcmr.fd"
File: omlcmr.fd 2014/09/29 v2.5h Standard LaTeX font definitions
)
LaTeX Font Info:    Font shape `OML/cmr/m/n' in size <10.95> not available
(Font)              Font shape `OML/cmm/m/it' tried instead on input line 337.
LaTeX Font Info:    Try loading font information for OMS+cmr on input line 339.


("C:\Program Files\MiKTeX 2.9\tex/latex/base\omscmr.fd"
File: omscmr.fd 2014/09/29 v2.5h Standard LaTeX font definitions
)
LaTeX Font Info:    Font shape `OMS/cmr/m/n' in size <10.95> not available
(Font)              Font shape `OMS/cmsy/m/n' tried instead on input line 339.

Overfull \hbox (16.04884pt too wide) in paragraph at lines 339--340
[][][][][][][][][][][][][][][][][][][][][][][][][][][] 
 []


Overfull \hbox (68.60939pt too wide) in paragraph at lines 345--346
[][][][][][][][][][][][][][][][][][][][][][][][][][][][][][][][][][][][][][][][
][][][][] 
 []


Overfull \hbox (48.89919pt too wide) in paragraph at lines 350--351
[][][][][][][][][][][][][][][][][][][][][][][][][][][][][][][][][] 
 []

[23]
Overfull \hbox (42.32912pt too wide) in paragraph at lines 356--357
[][][][][][][][][][][][][][][][][][][][][][][][][][][][][][][][] 
 []


Overfull \hbox (62.03932pt too wide) in paragraph at lines 370--371
[][][][][][][][][][][][][][][][][][][][][][][][][][][][][][][][][][][][][][] 
 []


Overfull \hbox (9.47878pt too wide) in paragraph at lines 379--380
[][][][][][][][][][][][][][][][][][][][][][][][][][][][][][][][][][][][][] 
 []

[24] [25] [26] ("RECESSION PAPER.bbl"
Overfull \hbox (596.43074pt too wide) in paragraph at lines 39--44
\OT1/cmr/m/n/10.95 https://www.federalreserve.gov/datadownload/Download.aspx?re
l=H15&series=d7e27b7b09a3a7feae95b9c61781fcd8&filetype=csv&label=include&layout
=seriescolumn&from=01/01/1919&to=01/31/2019.
 []


Underfull \hbox (badness 10000) in paragraph at lines 53--57
[]\OT1/cmr/m/n/10.95 Federal Re-serve Bank of St. Louis.  In-dus-trial pro-duc-
tion in-dex.
 []


Underfull \hbox (badness 1189) in paragraph at lines 59--64
[]\OT1/cmr/m/n/10.95 Federal Re-serve Bank of St. Louis.  Nber based re-ces-sio
n in-di-ca-tors for
 []

[27]
Underfull \hbox (badness 10000) in paragraph at lines 73--77
[]\OT1/cmr/m/n/10.95 Thomas G. Tape.  In-ter-pret-ing di-ag-nos-tic tests.
 []

) [28] ("RECESSION PAPER.aux")

LaTeX Warning: There were multiply-defined labels.

 ) 
Here is how much of TeX's memory you used:
 5851 strings out of 492946
 77674 string characters out of 3135629
 337642 words of memory out of 3000000
 9607 multiletter control sequences out of 15000+200000
 18471 words of font info for 73 fonts, out of 3000000 for 9000
 1141 hyphenation exceptions out of 8191
 41i,15n,40p,1510b,1964s stack positions out of 5000i,500n,10000p,200000b,50000s
<C:/Program Files/MiKTeX 2.9/fonts/type1/public/amsfonts/cm/cmbx10.pfb><C:/Pr
ogram Files/MiKTeX 2.9/fonts/type1/public/amsfonts/cm/cmbx12.pfb><C:/Program Fi
les/MiKTeX 2.9/fonts/type1/public/amsfonts/cm/cmex10.pfb><C:/Program Files/MiKT
eX 2.9/fonts/type1/public/amsfonts/cm/cmmi10.pfb><C:/Program Files/MiKTeX 2.9/f
onts/type1/public/amsfonts/cm/cmmi12.pfb><C:/Program Files/MiKTeX 2.9/fonts/typ
e1/public/amsfonts/cm/cmmi8.pfb><C:/Program Files/MiKTeX 2.9/fonts/type1/public
/amsfonts/cm/cmr10.pfb><C:/Program Files/MiKTeX 2.9/fonts/type1/public/amsfonts
/cm/cmr12.pfb><C:/Program Files/MiKTeX 2.9/fonts/type1/public/amsfonts/cm/cmr17
.pfb><C:/Program Files/MiKTeX 2.9/fonts/type1/public/amsfonts/cm/cmr6.pfb><C:/P
rogram Files/MiKTeX 2.9/fonts/type1/public/amsfonts/cm/cmr8.pfb><C:/Program Fil
es/MiKTeX 2.9/fonts/type1/public/amsfonts/cm/cmsy10.pfb><C:/Program Files/MiKTe
X 2.9/fonts/type1/public/amsfonts/cm/cmsy8.pfb><C:/Program Files/MiKTeX 2.9/fon
ts/type1/public/amsfonts/cm/cmti10.pfb><C:/Program Files/MiKTeX 2.9/fonts/type1
/public/amsfonts/cm/cmtt10.pfb>
Output written on "RECESSION PAPER.pdf" (28 pages, 373679 bytes).
PDF statistics:
 201 PDF objects out of 1000 (max. 8388607)
 0 named destinations out of 1000 (max. 500000)
 121 words of extra memory for PDF output out of 10000 (max. 10000000)

